<?xml version="1.0"?>
<testsuite tests="225" skipped="0" errors="0" failures="0" time="0.327009366" timestamp="2026-04-21T12:36:14Z" hostname="coghi-mini">
  <testcase file="/home/coghi/Projects/alumna-backend/repo/spec/rule/orchestrator_spec.cr" classname="spec.rule.orchestrator_spec" name="Alumna::Orchestrator .run with empty rule list returns the context unchanged" line="43" time="1.814e-6"/>
  <testcase file="/home/coghi/Projects/alumna-backend/repo/spec/rule/orchestrator_spec.cr" classname="spec.rule.orchestrator_spec" name="Alumna::Orchestrator when all rules return continue calls every rule in registration order" line="52" time="1.583e-6"/>
  <testcase file="/home/coghi/Projects/alumna-backend/repo/spec/rule/orchestrator_spec.cr" classname="spec.rule.orchestrator_spec" name="Alumna::Orchestrator when all rules return continue leaves ctx.error nil" line="63" time="7.82e-7"/>
  <testcase file="/home/coghi/Projects/alumna-backend/repo/spec/rule/orchestrator_spec.cr" classname="spec.rule.orchestrator_spec" name="Alumna::Orchestrator when all rules return continue leaves ctx.phase unchanged" line="70" time="7.91e-7"/>
  <testcase file="/home/coghi/Projects/alumna-backend/repo/spec/rule/orchestrator_spec.cr" classname="spec.rule.orchestrator_spec" name="Alumna::Orchestrator when a rule returns stop sets ctx.error to the ServiceError" line="78" time="1.563e-6"/>
  <testcase file="/home/coghi/Projects/alumna-backend/repo/spec/rule/orchestrator_spec.cr" classname="spec.rule.orchestrator_spec" name="Alumna::Orchestrator when a rule returns stop sets ctx.phase to Error" line="90" time="3.376e-6"/>
  <testcase file="/home/coghi/Projects/alumna-backend/repo/spec/rule/orchestrator_spec.cr" classname="spec.rule.orchestrator_spec" name="Alumna::Orchestrator when a rule returns stop does not call rules after the stopping rule" line="97" time="1.203e-6"/>
  <testcase file="/home/coghi/Projects/alumna-backend/repo/spec/rule/orchestrator_spec.cr" classname="spec.rule.orchestrator_spec" name="Alumna::Orchestrator when a rule returns stop uses the first stop error" line="108" time="1.222e-6"/>
  <testcase file="/home/coghi/Projects/alumna-backend/repo/spec/rule/orchestrator_spec.cr" classname="spec.rule.orchestrator_spec" name="Alumna::Orchestrator early exit when ctx.result is set in Before phase stops processing further before-rules" line="126" time="2.595e-6"/>
  <testcase file="/home/coghi/Projects/alumna-backend/repo/spec/rule/orchestrator_spec.cr" classname="spec.rule.orchestrator_spec" name="Alumna::Orchestrator early exit when ctx.result is set in Before phase does not set ctx.error" line="137" time="1.553e-6"/>
  <testcase file="/home/coghi/Projects/alumna-backend/repo/spec/rule/orchestrator_spec.cr" classname="spec.rule.orchestrator_spec" name="Alumna::Orchestrator early exit when ctx.result is set in Before phase preserves the result" line="143" time="4.619e-6"/>
  <testcase file="/home/coghi/Projects/alumna-backend/repo/spec/rule/orchestrator_spec.cr" classname="spec.rule.orchestrator_spec" name="Alumna::Orchestrator early exit does not apply in After phase continues through all rules even when result is set" line="152" time="3.677e-6"/>
  <testcase file="/home/coghi/Projects/alumna-backend/repo/spec/schema/base_spec.cr" classname="spec.schema.base_spec" name="Alumna::Schema initialization starts empty" line="6" time="3.11e-7"/>
  <testcase file="/home/coghi/Projects/alumna-backend/repo/spec/schema/base_spec.cr" classname="spec.schema.base_spec" name="Alumna::Schema #field normalizes :str symbol" line="12" time="1.904e-6"/>
  <testcase file="/home/coghi/Projects/alumna-backend/repo/spec/schema/base_spec.cr" classname="spec.schema.base_spec" name="Alumna::Schema #field accepts FieldType enum" line="18" time="3.61e-7"/>
  <testcase file="/home/coghi/Projects/alumna-backend/repo/spec/schema/base_spec.cr" classname="spec.schema.base_spec" name="Alumna::Schema #field defaults required to true" line="23" time="1.062e-6"/>
  <testcase file="/home/coghi/Projects/alumna-backend/repo/spec/schema/base_spec.cr" classname="spec.schema.base_spec" name="Alumna::Schema #field stores lengths" line="27" time="8.81e-7"/>
  <testcase file="/home/coghi/Projects/alumna-backend/repo/spec/schema/base_spec.cr" classname="spec.schema.base_spec" name="Alumna::Schema format accepts :email, :url, :uuid" line="35" time="2.014e-6"/>
  <testcase file="/home/coghi/Projects/alumna-backend/repo/spec/schema/base_spec.cr" classname="spec.schema.base_spec" name="Alumna::Schema format accepts enum directly and capitalized symbols" line="40" time="1.573e-6"/>
  <testcase file="/home/coghi/Projects/alumna-backend/repo/spec/schema/base_spec.cr" classname="spec.schema.base_spec" name="Alumna::Schema format allows nil" line="48" time="8.01e-7"/>
  <testcase file="/home/coghi/Projects/alumna-backend/repo/spec/schema/base_spec.cr" classname="spec.schema.base_spec" name="Alumna::Schema format raises for unknown format" line="53" time="6.0936e-5"/>
  <testcase file="/home/coghi/Projects/alumna-backend/repo/spec/schema/base_spec.cr" classname="spec.schema.base_spec" name="Alumna::Schema required_on normalizes array of symbols" line="61" time="2.765e-6"/>
  <testcase file="/home/coghi/Projects/alumna-backend/repo/spec/schema/base_spec.cr" classname="spec.schema.base_spec" name="Alumna::Schema required_on normalizes mixed symbols and enums" line="66" time="1.793e-6"/>
  <testcase file="/home/coghi/Projects/alumna-backend/repo/spec/schema/base_spec.cr" classname="spec.schema.base_spec" name="Alumna::Schema required_on accepts nil" line="73" time="8.61e-7"/>
  <testcase file="/home/coghi/Projects/alumna-backend/repo/spec/schema/base_spec.cr" classname="spec.schema.base_spec" name="Alumna::Schema required_on raises for unknown method" line="77" time="2.4737e-5"/>
  <testcase file="/home/coghi/Projects/alumna-backend/repo/spec/schema/base_spec.cr" classname="spec.schema.base_spec" name="Alumna::Schema helpers set correct types and forward options" line="85" time="6.021e-6"/>
  <testcase file="/home/coghi/Projects/alumna-backend/repo/spec/schema/base_spec.cr" classname="spec.schema.base_spec" name="Alumna::Schema chaining and builder returns self" line="106" time="1.152e-6"/>
  <testcase file="/home/coghi/Projects/alumna-backend/repo/spec/schema/base_spec.cr" classname="spec.schema.base_spec" name="Alumna::Schema chaining and builder builds via block and preserves order" line="111" time="1.834e-6"/>
  <testcase file="/home/coghi/Projects/alumna-backend/repo/spec/schema/base_spec.cr" classname="spec.schema.base_spec" name="Alumna::Schema error paths for type raises for unknown type" line="121" time="2.4948e-5"/>
  <testcase file="/home/coghi/Projects/alumna-backend/repo/spec/schema/base_spec.cr" classname="spec.schema.base_spec" name="Alumna::Schema validator integration (kept from your original) validates format when given as symbol" line="129" time="5.741e-6"/>
  <testcase file="/home/coghi/Projects/alumna-backend/repo/spec/schema/validator_spec.cr" classname="spec.schema.validator_spec" name="Alumna::Schema required fields passes when the required field is present" line="50" time="1.312e-6"/>
  <testcase file="/home/coghi/Projects/alumna-backend/repo/spec/schema/validator_spec.cr" classname="spec.schema.validator_spec" name="Alumna::Schema required fields fails when a required field is absent" line="54" time="1.563e-6"/>
  <testcase file="/home/coghi/Projects/alumna-backend/repo/spec/schema/validator_spec.cr" classname="spec.schema.validator_spec" name="Alumna::Schema required fields fails when a required field is explicitly null" line="58" time="1.092e-6"/>
  <testcase file="/home/coghi/Projects/alumna-backend/repo/spec/schema/validator_spec.cr" classname="spec.schema.validator_spec" name="Alumna::Schema required fields does not report an error for a missing optional field" line="62" time="8.42e-7"/>
  <testcase file="/home/coghi/Projects/alumna-backend/repo/spec/schema/validator_spec.cr" classname="spec.schema.validator_spec" name="Alumna::Schema required fields reports the canonical &#39;is required&#39; message" line="66" time="1.082e-6"/>
  <testcase file="/home/coghi/Projects/alumna-backend/repo/spec/schema/validator_spec.cr" classname="spec.schema.validator_spec" name="Alumna::Schema required_on requires title on create" line="78" time="8.52e-7"/>
  <testcase file="/home/coghi/Projects/alumna-backend/repo/spec/schema/validator_spec.cr" classname="spec.schema.validator_spec" name="Alumna::Schema required_on requires title on update" line="82" time="5.31e-7"/>
  <testcase file="/home/coghi/Projects/alumna-backend/repo/spec/schema/validator_spec.cr" classname="spec.schema.validator_spec" name="Alumna::Schema required_on does not require title on patch" line="86" time="6.71e-7"/>
  <testcase file="/home/coghi/Projects/alumna-backend/repo/spec/schema/validator_spec.cr" classname="spec.schema.validator_spec" name="Alumna::Schema required_on does not require title on get" line="90" time="3.61e-7"/>
  <testcase file="/home/coghi/Projects/alumna-backend/repo/spec/schema/validator_spec.cr" classname="spec.schema.validator_spec" name="Alumna::Schema required_on requires title when method is nil (backward compatibility)" line="94" time="5.42e-7"/>
  <testcase file="/home/coghi/Projects/alumna-backend/repo/spec/schema/validator_spec.cr" classname="spec.schema.validator_spec" name="Alumna::Schema required_on validates constraints only when field is present on patch" line="98" time="2.475e-6"/>
  <testcase file="/home/coghi/Projects/alumna-backend/repo/spec/schema/validator_spec.cr" classname="spec.schema.validator_spec" name="Alumna::Schema Str type accepts a string" line="109" time="8.81e-7"/>
  <testcase file="/home/coghi/Projects/alumna-backend/repo/spec/schema/validator_spec.cr" classname="spec.schema.validator_spec" name="Alumna::Schema Str type rejects an integer" line="110" time="1.032e-6"/>
  <testcase file="/home/coghi/Projects/alumna-backend/repo/spec/schema/validator_spec.cr" classname="spec.schema.validator_spec" name="Alumna::Schema Str type rejects a bool" line="111" time="8.32e-7"/>
  <testcase file="/home/coghi/Projects/alumna-backend/repo/spec/schema/validator_spec.cr" classname="spec.schema.validator_spec" name="Alumna::Schema Int type accepts an integer" line="117" time="7.52e-7"/>
  <testcase file="/home/coghi/Projects/alumna-backend/repo/spec/schema/validator_spec.cr" classname="spec.schema.validator_spec" name="Alumna::Schema Int type rejects a string" line="118" time="9.42e-7"/>
  <testcase file="/home/coghi/Projects/alumna-backend/repo/spec/schema/validator_spec.cr" classname="spec.schema.validator_spec" name="Alumna::Schema Int type rejects a bool" line="119" time="7.91e-7"/>
  <testcase file="/home/coghi/Projects/alumna-backend/repo/spec/schema/validator_spec.cr" classname="spec.schema.validator_spec" name="Alumna::Schema Float type accepts a float" line="125" time="7.72e-7"/>
  <testcase file="/home/coghi/Projects/alumna-backend/repo/spec/schema/validator_spec.cr" classname="spec.schema.validator_spec" name="Alumna::Schema Float type accepts an integer (coercible)" line="126" time="6.31e-7"/>
  <testcase file="/home/coghi/Projects/alumna-backend/repo/spec/schema/validator_spec.cr" classname="spec.schema.validator_spec" name="Alumna::Schema Float type rejects a string" line="127" time="1.322e-6"/>
  <testcase file="/home/coghi/Projects/alumna-backend/repo/spec/schema/validator_spec.cr" classname="spec.schema.validator_spec" name="Alumna::Schema Bool type accepts true" line="133" time="7.71e-7"/>
  <testcase file="/home/coghi/Projects/alumna-backend/repo/spec/schema/validator_spec.cr" classname="spec.schema.validator_spec" name="Alumna::Schema Bool type accepts false" line="134" time="6.32e-7"/>
  <testcase file="/home/coghi/Projects/alumna-backend/repo/spec/schema/validator_spec.cr" classname="spec.schema.validator_spec" name="Alumna::Schema Bool type rejects a string" line="135" time="8.81e-7"/>
  <testcase file="/home/coghi/Projects/alumna-backend/repo/spec/schema/validator_spec.cr" classname="spec.schema.validator_spec" name="Alumna::Schema Bool type rejects an int" line="136" time="8.12e-7"/>
  <testcase file="/home/coghi/Projects/alumna-backend/repo/spec/schema/validator_spec.cr" classname="spec.schema.validator_spec" name="Alumna::Schema Nullable type accepts any value when present" line="142" time="1.332e-6"/>
  <testcase file="/home/coghi/Projects/alumna-backend/repo/spec/schema/validator_spec.cr" classname="spec.schema.validator_spec" name="Alumna::Schema Nullable type does not require the field" line="148" time="3.11e-7"/>
  <testcase file="/home/coghi/Projects/alumna-backend/repo/spec/schema/validator_spec.cr" classname="spec.schema.validator_spec" name="Alumna::Schema min_length passes when length == min" line="158" time="8.42e-7"/>
  <testcase file="/home/coghi/Projects/alumna-backend/repo/spec/schema/validator_spec.cr" classname="spec.schema.validator_spec" name="Alumna::Schema min_length passes when length &gt; min" line="159" time="6.71e-7"/>
  <testcase file="/home/coghi/Projects/alumna-backend/repo/spec/schema/validator_spec.cr" classname="spec.schema.validator_spec" name="Alumna::Schema min_length fails when length &lt; min" line="160" time="2.385e-6"/>
  <testcase file="/home/coghi/Projects/alumna-backend/repo/spec/schema/validator_spec.cr" classname="spec.schema.validator_spec" name="Alumna::Schema min_length uses singular &#39;character&#39; for 1" line="161" time="1.964e-6"/>
  <testcase file="/home/coghi/Projects/alumna-backend/repo/spec/schema/validator_spec.cr" classname="spec.schema.validator_spec" name="Alumna::Schema max_length passes when length == max" line="170" time="7.52e-7"/>
  <testcase file="/home/coghi/Projects/alumna-backend/repo/spec/schema/validator_spec.cr" classname="spec.schema.validator_spec" name="Alumna::Schema max_length passes when length &lt; max" line="171" time="6.92e-7"/>
  <testcase file="/home/coghi/Projects/alumna-backend/repo/spec/schema/validator_spec.cr" classname="spec.schema.validator_spec" name="Alumna::Schema max_length fails when length &gt; max" line="172" time="1.522e-6"/>
  <testcase file="/home/coghi/Projects/alumna-backend/repo/spec/schema/validator_spec.cr" classname="spec.schema.validator_spec" name="Alumna::Schema max_length uses singular &#39;character&#39; for 1" line="173" time="1.593e-6"/>
  <testcase file="/home/coghi/Projects/alumna-backend/repo/spec/schema/validator_spec.cr" classname="spec.schema.validator_spec" name="Alumna::Schema Email format accepts a valid email" line="184" time="2.494e-6"/>
  <testcase file="/home/coghi/Projects/alumna-backend/repo/spec/schema/validator_spec.cr" classname="spec.schema.validator_spec" name="Alumna::Schema Email format rejects missing @" line="185" time="1.343e-6"/>
  <testcase file="/home/coghi/Projects/alumna-backend/repo/spec/schema/validator_spec.cr" classname="spec.schema.validator_spec" name="Alumna::Schema Url format accepts https URL" line="191" time="1.613e-6"/>
  <testcase file="/home/coghi/Projects/alumna-backend/repo/spec/schema/validator_spec.cr" classname="spec.schema.validator_spec" name="Alumna::Schema Url format rejects plain domain" line="192" time="1.273e-6"/>
  <testcase file="/home/coghi/Projects/alumna-backend/repo/spec/schema/validator_spec.cr" classname="spec.schema.validator_spec" name="Alumna::Schema Uuid format accepts a lowercase UUID" line="198" time="1.312e-6"/>
  <testcase file="/home/coghi/Projects/alumna-backend/repo/spec/schema/validator_spec.cr" classname="spec.schema.validator_spec" name="Alumna::Schema Uuid format rejects missing hyphens" line="199" time="1.222e-6"/>
  <testcase file="/home/coghi/Projects/alumna-backend/repo/spec/schema/validator_spec.cr" classname="spec.schema.validator_spec" name="Alumna::Schema skipping length/format checks when type is wrong reports only the type error" line="210" time="9.82e-7"/>
  <testcase file="/home/coghi/Projects/alumna-backend/repo/spec/schema/validator_spec.cr" classname="spec.schema.validator_spec" name="Alumna::Schema edge cases requires a Nullable field when missing, but accepts null" line="218" time="1.403e-6"/>
  <testcase file="/home/coghi/Projects/alumna-backend/repo/spec/schema/validator_spec.cr" classname="spec.schema.validator_spec" name="Alumna::Schema edge cases Int rejects float values" line="224" time="1.092e-6"/>
  <testcase file="/home/coghi/Projects/alumna-backend/repo/spec/schema/validator_spec.cr" classname="spec.schema.validator_spec" name="Alumna::Schema edge cases Float rejects bool" line="229" time="9.92e-7"/>
  <testcase file="/home/coghi/Projects/alumna-backend/repo/spec/schema/validator_spec.cr" classname="spec.schema.validator_spec" name="Alumna::Schema edge cases returns multiple errors for one field" line="234" time="2.435e-6"/>
  <testcase file="/home/coghi/Projects/alumna-backend/repo/spec/schema/validator_spec.cr" classname="spec.schema.validator_spec" name="Alumna::Schema edge cases ignores fields not defined in schema" line="246" time="1.302e-6"/>
  <testcase file="/home/coghi/Projects/alumna-backend/repo/spec/schema/validator_spec.cr" classname="spec.schema.validator_spec" name="Alumna::Schema edge cases accepts uppercase UUID" line="251" time="1.703e-6"/>
  <testcase file="/home/coghi/Projects/alumna-backend/repo/spec/schema/validator_spec.cr" classname="spec.schema.validator_spec" name="Alumna::Schema edge cases rejects URL with trailing space" line="256" time="1.543e-6"/>
  <testcase file="/home/coghi/Projects/alumna-backend/repo/spec/schema/validator_spec.cr" classname="spec.schema.validator_spec" name="Alumna::Schema edge cases required_on implies presence even when required: false" line="261" time="2.796e-6"/>
  <testcase file="/home/coghi/Projects/alumna-backend/repo/spec/http/router_spec.cr" classname="spec.http.router_spec" name="Router integration unknown path returns 404 for a path with no registered service" line="125" time="0.000325712"/>
  <testcase file="/home/coghi/Projects/alumna-backend/repo/spec/http/router_spec.cr" classname="spec.http.router_spec" name="Router integration method not allowed returns 405 for POST with an id segment" line="134" time="0.00024099"/>
  <testcase file="/home/coghi/Projects/alumna-backend/repo/spec/http/router_spec.cr" classname="spec.http.router_spec" name="Router integration authentication rule returns 401 when the authorization header is missing" line="143" time="0.000184993"/>
  <testcase file="/home/coghi/Projects/alumna-backend/repo/spec/http/router_spec.cr" classname="spec.http.router_spec" name="Router integration authentication rule returns 401 when the authorization header is wrong" line="148" time="0.000202436"/>
  <testcase file="/home/coghi/Projects/alumna-backend/repo/spec/http/router_spec.cr" classname="spec.http.router_spec" name="Router integration authentication rule returns 401 with an error body" line="153" time="0.00019855"/>
  <testcase file="/home/coghi/Projects/alumna-backend/repo/spec/http/router_spec.cr" classname="spec.http.router_spec" name="Router integration verb → method mapping GET /items maps to find (returns an array)" line="163" time="0.000206174"/>
  <testcase file="/home/coghi/Projects/alumna-backend/repo/spec/http/router_spec.cr" classname="spec.http.router_spec" name="Router integration verb → method mapping POST /items maps to create (returns 201)" line="169" time="0.000324801"/>
  <testcase file="/home/coghi/Projects/alumna-backend/repo/spec/http/router_spec.cr" classname="spec.http.router_spec" name="Router integration verb → method mapping GET /items/:id maps to get" line="174" time="0.000406166"/>
  <testcase file="/home/coghi/Projects/alumna-backend/repo/spec/http/router_spec.cr" classname="spec.http.router_spec" name="Router integration verb → method mapping PUT /items/:id maps to update" line="182" time="0.000216203"/>
  <testcase file="/home/coghi/Projects/alumna-backend/repo/spec/http/router_spec.cr" classname="spec.http.router_spec" name="Router integration verb → method mapping PATCH /items/:id maps to patch" line="188" time="0.000231252"/>
  <testcase file="/home/coghi/Projects/alumna-backend/repo/spec/http/router_spec.cr" classname="spec.http.router_spec" name="Router integration verb → method mapping DELETE /items/:id maps to remove" line="196" time="0.000427757"/>
  <testcase file="/home/coghi/Projects/alumna-backend/repo/spec/http/router_spec.cr" classname="spec.http.router_spec" name="Router integration response Content-Type defaults to application/json" line="209" time="0.000193138"/>
  <testcase file="/home/coghi/Projects/alumna-backend/repo/spec/http/router_spec.cr" classname="spec.http.router_spec" name="Router integration response Content-Type returns application/msgpack when Accept header requests it" line="214" time="0.000184313"/>
  <testcase file="/home/coghi/Projects/alumna-backend/repo/spec/http/router_spec.cr" classname="spec.http.router_spec" name="Router integration query param filtering passes query params to the service and filters results" line="224" time="0.00073254"/>
  <testcase file="/home/coghi/Projects/alumna-backend/repo/spec/http/router_spec.cr" classname="spec.http.router_spec" name="Router integration validation errors returns 422 when the request body fails schema validation" line="237" time="0.00019877"/>
  <testcase file="/home/coghi/Projects/alumna-backend/repo/spec/http/router_spec.cr" classname="spec.http.router_spec" name="Router integration validation errors returns an error body with field-level details" line="242" time="0.000196054"/>
  <testcase file="/home/coghi/Projects/alumna-backend/repo/spec/http/router_spec.cr" classname="spec.http.router_spec" name="Router integration service-level 404 returns 404 when getting a non-existent record" line="253" time="0.000195253"/>
  <testcase file="/home/coghi/Projects/alumna-backend/repo/spec/http/router_spec.cr" classname="spec.http.router_spec" name="Router integration serializer negotiation falls back to app default when Content-Type is missing" line="262" time="0.000178862"/>
  <testcase file="/home/coghi/Projects/alumna-backend/repo/spec/http/router_spec.cr" classname="spec.http.router_spec" name="Router integration serializer negotiation uses input serializer for output when Accept is missing" line="271" time="0.000360729"/>
  <testcase file="/home/coghi/Projects/alumna-backend/repo/spec/http/router_spec.cr" classname="spec.http.router_spec" name="Router integration serializer negotiation resolves input and output serializers independently" line="279" time="0.000190203"/>
  <testcase file="/home/coghi/Projects/alumna-backend/repo/spec/http/router_spec.cr" classname="spec.http.router_spec" name="Router integration path matching returns 404 for trailing slash on id segment" line="294" time="0.000170856"/>
  <testcase file="/home/coghi/Projects/alumna-backend/repo/spec/http/router_spec.cr" classname="spec.http.router_spec" name="Router integration path matching returns 404 for nested path segments" line="300" time="0.00016758"/>
  <testcase file="/home/coghi/Projects/alumna-backend/repo/spec/http/router_spec.cr" classname="spec.http.router_spec" name="Router integration body parsing treats missing body as empty hash, not nil" line="309" time="0.000165175"/>
  <testcase file="/home/coghi/Projects/alumna-backend/repo/spec/http/router_spec.cr" classname="spec.http.router_spec" name="Router integration body parsing returns 413 when body exceeds limit" line="321" time="0.000410935"/>
  <testcase file="/home/coghi/Projects/alumna-backend/repo/spec/http/router_spec.cr" classname="spec.http.router_spec" name="Router integration malformed body returns 400 for invalid JSON" line="331" time="0.000206315"/>
  <testcase file="/home/coghi/Projects/alumna-backend/repo/spec/http/router_spec.cr" classname="spec.http.router_spec" name="Router integration malformed body returns 400 for JSON array instead of object" line="337" time="0.000204451"/>
  <testcase file="/home/coghi/Projects/alumna-backend/repo/spec/http/router_spec.cr" classname="spec.http.router_spec" name="Router integration malformed body returns 413 when a chunked body exceeds the limit (covers IO::Error rescue)" line="343" time="0.00018323"/>
  <testcase file="/home/coghi/Projects/alumna-backend/repo/spec/http/router_spec.cr" classname="spec.http.router_spec" name="Router integration Alumna::Http::LimitedIO reads up to the limit" line="365" time="1.332e-6"/>
  <testcase file="/home/coghi/Projects/alumna-backend/repo/spec/http/router_spec.cr" classname="spec.http.router_spec" name="Router integration Alumna::Http::LimitedIO raises IO::Error when the limit is exceeded" line="376" time="1.541e-5"/>
  <testcase file="/home/coghi/Projects/alumna-backend/repo/spec/http/router_spec.cr" classname="spec.http.router_spec" name="Router integration Alumna::Http::LimitedIO raises on write because it is read-only" line="386" time="6.602e-6"/>
  <testcase file="/home/coghi/Projects/alumna-backend/repo/spec/http/json_serializer_spec.cr" classname="spec.http.json_serializer_spec" name="Alumna::Http::JsonSerializer #content_type returns application/json" line="30" time="3.6e-7"/>
  <testcase file="/home/coghi/Projects/alumna-backend/repo/spec/http/json_serializer_spec.cr" classname="spec.http.json_serializer_spec" name="Alumna::Http::JsonSerializer encode/decode round-trip preserves a String value" line="38" time="7.324e-6"/>
  <testcase file="/home/coghi/Projects/alumna-backend/repo/spec/http/json_serializer_spec.cr" classname="spec.http.json_serializer_spec" name="Alumna::Http::JsonSerializer encode/decode round-trip preserves an Int64 value" line="43" time="6.122e-6"/>
  <testcase file="/home/coghi/Projects/alumna-backend/repo/spec/http/json_serializer_spec.cr" classname="spec.http.json_serializer_spec" name="Alumna::Http::JsonSerializer encode/decode round-trip preserves a Float64 value" line="48" time="1.0691e-5"/>
  <testcase file="/home/coghi/Projects/alumna-backend/repo/spec/http/json_serializer_spec.cr" classname="spec.http.json_serializer_spec" name="Alumna::Http::JsonSerializer encode/decode round-trip preserves a true Bool value" line="53" time="6.072e-6"/>
  <testcase file="/home/coghi/Projects/alumna-backend/repo/spec/http/json_serializer_spec.cr" classname="spec.http.json_serializer_spec" name="Alumna::Http::JsonSerializer encode/decode round-trip preserves a false Bool value" line="58" time="4.298e-6"/>
  <testcase file="/home/coghi/Projects/alumna-backend/repo/spec/http/json_serializer_spec.cr" classname="spec.http.json_serializer_spec" name="Alumna::Http::JsonSerializer encode/decode round-trip preserves a nil value" line="63" time="4.849e-6"/>
  <testcase file="/home/coghi/Projects/alumna-backend/repo/spec/http/json_serializer_spec.cr" classname="spec.http.json_serializer_spec" name="Alumna::Http::JsonSerializer encode/decode round-trip preserves multiple fields in a single hash" line="68" time="1.0069e-5"/>
  <testcase file="/home/coghi/Projects/alumna-backend/repo/spec/http/json_serializer_spec.cr" classname="spec.http.json_serializer_spec" name="Alumna::Http::JsonSerializer encode/decode round-trip returns an empty hash when the input hash is empty" line="80" time="1.914e-6"/>
  <testcase file="/home/coghi/Projects/alumna-backend/repo/spec/http/json_serializer_spec.cr" classname="spec.http.json_serializer_spec" name="Alumna::Http::JsonSerializer #encode (Array) encodes an array of hashes to a JSON array" line="88" time="7.895e-6"/>
  <testcase file="/home/coghi/Projects/alumna-backend/repo/spec/http/json_serializer_spec.cr" classname="spec.http.json_serializer_spec" name="Alumna::Http::JsonSerializer #encode (Array) encodes an empty array to a JSON empty array" line="101" time="1.633e-6"/>
  <testcase file="/home/coghi/Projects/alumna-backend/repo/spec/http/json_serializer_spec.cr" classname="spec.http.json_serializer_spec" name="Alumna::Http::JsonSerializer #decode with malformed input raises ServiceError for invalid JSON" line="111" time="1.7143e-5"/>
  <testcase file="/home/coghi/Projects/alumna-backend/repo/spec/http/json_serializer_spec.cr" classname="spec.http.json_serializer_spec" name="Alumna::Http::JsonSerializer #decode with malformed input raises ServiceError for an empty body" line="116" time="1.2644e-5"/>
  <testcase file="/home/coghi/Projects/alumna-backend/repo/spec/http/msgpack_serializer_spec.cr" classname="spec.http.msgpack_serializer_spec" name="Alumna::Http::MsgpackSerializer #content_type returns application/msgpack" line="23" time="3.7e-7"/>
  <testcase file="/home/coghi/Projects/alumna-backend/repo/spec/http/msgpack_serializer_spec.cr" classname="spec.http.msgpack_serializer_spec" name="Alumna::Http::MsgpackSerializer encode/decode round-trip preserves a String value" line="31" time="5.45e-6"/>
  <testcase file="/home/coghi/Projects/alumna-backend/repo/spec/http/msgpack_serializer_spec.cr" classname="spec.http.msgpack_serializer_spec" name="Alumna::Http::MsgpackSerializer encode/decode round-trip preserves an Int64 value" line="36" time="2.635e-6"/>
  <testcase file="/home/coghi/Projects/alumna-backend/repo/spec/http/msgpack_serializer_spec.cr" classname="spec.http.msgpack_serializer_spec" name="Alumna::Http::MsgpackSerializer encode/decode round-trip preserves a Float64 value" line="41" time="4.479e-6"/>
  <testcase file="/home/coghi/Projects/alumna-backend/repo/spec/http/msgpack_serializer_spec.cr" classname="spec.http.msgpack_serializer_spec" name="Alumna::Http::MsgpackSerializer encode/decode round-trip preserves a true Bool value" line="46" time="2.364e-6"/>
  <testcase file="/home/coghi/Projects/alumna-backend/repo/spec/http/msgpack_serializer_spec.cr" classname="spec.http.msgpack_serializer_spec" name="Alumna::Http::MsgpackSerializer encode/decode round-trip preserves a false Bool value" line="51" time="2.695e-6"/>
  <testcase file="/home/coghi/Projects/alumna-backend/repo/spec/http/msgpack_serializer_spec.cr" classname="spec.http.msgpack_serializer_spec" name="Alumna::Http::MsgpackSerializer encode/decode round-trip preserves a nil value" line="56" time="2.444e-6"/>
  <testcase file="/home/coghi/Projects/alumna-backend/repo/spec/http/msgpack_serializer_spec.cr" classname="spec.http.msgpack_serializer_spec" name="Alumna::Http::MsgpackSerializer encode/decode round-trip preserves multiple fields of mixed types in a single hash" line="61" time="8.426e-6"/>
  <testcase file="/home/coghi/Projects/alumna-backend/repo/spec/http/msgpack_serializer_spec.cr" classname="spec.http.msgpack_serializer_spec" name="Alumna::Http::MsgpackSerializer encode/decode round-trip returns an empty hash when the input hash is empty" line="75" time="7.82e-7"/>
  <testcase file="/home/coghi/Projects/alumna-backend/repo/spec/http/msgpack_serializer_spec.cr" classname="spec.http.msgpack_serializer_spec" name="Alumna::Http::MsgpackSerializer #encode (Array) encodes an array of hashes to non-empty bytes" line="83" time="2.565e-6"/>
  <testcase file="/home/coghi/Projects/alumna-backend/repo/spec/http/msgpack_serializer_spec.cr" classname="spec.http.msgpack_serializer_spec" name="Alumna::Http::MsgpackSerializer #encode (Array) encodes an empty array without raising" line="93" time="4.81e-7"/>
  <testcase file="/home/coghi/Projects/alumna-backend/repo/spec/http/msgpack_serializer_spec.cr" classname="spec.http.msgpack_serializer_spec" name="Alumna::Http::MsgpackSerializer #decode with malformed input returns an empty hash for garbage bytes" line="103" time="2.0349e-5"/>
  <testcase file="/home/coghi/Projects/alumna-backend/repo/spec/http/msgpack_serializer_spec.cr" classname="spec.http.msgpack_serializer_spec" name="Alumna::Http::MsgpackSerializer #decode with malformed input raises ServiceError for an empty body" line="108" time="1.5399e-5"/>
  <testcase file="/home/coghi/Projects/alumna-backend/repo/spec/integration/app_spec.cr" classname="spec.integration.app_spec" name="Alumna System Integration initially returns empty array" line="53" time="0.000785511"/>
  <testcase file="/home/coghi/Projects/alumna-backend/repo/spec/integration/app_spec.cr" classname="spec.integration.app_spec" name="Alumna System Integration creates with 201 and auto-generated id" line="59" time="0.000378894"/>
  <testcase file="/home/coghi/Projects/alumna-backend/repo/spec/integration/app_spec.cr" classname="spec.integration.app_spec" name="Alumna System Integration ignores client-supplied id on create" line="67" time="0.000272921"/>
  <testcase file="/home/coghi/Projects/alumna-backend/repo/spec/integration/app_spec.cr" classname="spec.integration.app_spec" name="Alumna System Integration lists all records" line="72" time="0.000634462"/>
  <testcase file="/home/coghi/Projects/alumna-backend/repo/spec/integration/app_spec.cr" classname="spec.integration.app_spec" name="Alumna System Integration filters find by query params" line="77" time="0.001077378"/>
  <testcase file="/home/coghi/Projects/alumna-backend/repo/spec/integration/app_spec.cr" classname="spec.integration.app_spec" name="Alumna System Integration gets a specific record" line="86" time="0.000527147"/>
  <testcase file="/home/coghi/Projects/alumna-backend/repo/spec/integration/app_spec.cr" classname="spec.integration.app_spec" name="Alumna System Integration returns 404 for unknown get" line="93" time="0.000525013"/>
  <testcase file="/home/coghi/Projects/alumna-backend/repo/spec/integration/app_spec.cr" classname="spec.integration.app_spec" name="Alumna System Integration update replaces entire record" line="97" time="0.000638088"/>
  <testcase file="/home/coghi/Projects/alumna-backend/repo/spec/integration/app_spec.cr" classname="spec.integration.app_spec" name="Alumna System Integration patch merges fields without sending required title" line="104" time="0.000473254"/>
  <testcase file="/home/coghi/Projects/alumna-backend/repo/spec/integration/app_spec.cr" classname="spec.integration.app_spec" name="Alumna System Integration update and patch cannot change id" line="111" time="0.000545622"/>
  <testcase file="/home/coghi/Projects/alumna-backend/repo/spec/integration/app_spec.cr" classname="spec.integration.app_spec" name="Alumna System Integration returns 404 for update on missing id" line="117" time="0.00027231"/>
  <testcase file="/home/coghi/Projects/alumna-backend/repo/spec/integration/app_spec.cr" classname="spec.integration.app_spec" name="Alumna System Integration deletes and returns removed:true" line="121" time="0.000781493"/>
  <testcase file="/home/coghi/Projects/alumna-backend/repo/spec/integration/app_spec.cr" classname="spec.integration.app_spec" name="Alumna System Integration delete non-existent returns removed:false" line="127" time="0.000797313"/>
  <testcase file="/home/coghi/Projects/alumna-backend/repo/spec/integration/app_spec.cr" classname="spec.integration.app_spec" name="Alumna System Integration rejects missing token" line="131" time="0.000190363"/>
  <testcase file="/home/coghi/Projects/alumna-backend/repo/spec/integration/app_spec.cr" classname="spec.integration.app_spec" name="Alumna System Integration rejects wrong token" line="135" time="0.000185624"/>
  <testcase file="/home/coghi/Projects/alumna-backend/repo/spec/integration/app_spec.cr" classname="spec.integration.app_spec" name="Alumna System Integration auth header is case-insensitive" line="141" time="0.000250148"/>
  <testcase file="/home/coghi/Projects/alumna-backend/repo/spec/integration/app_spec.cr" classname="spec.integration.app_spec" name="Alumna System Integration requires title" line="147" time="0.00025638"/>
  <testcase file="/home/coghi/Projects/alumna-backend/repo/spec/integration/app_spec.cr" classname="spec.integration.app_spec" name="Alumna System Integration validates min_length" line="153" time="0.000243355"/>
  <testcase file="/home/coghi/Projects/alumna-backend/repo/spec/integration/app_spec.cr" classname="spec.integration.app_spec" name="Alumna System Integration validates max_length" line="157" time="0.000275336"/>
  <testcase file="/home/coghi/Projects/alumna-backend/repo/spec/integration/app_spec.cr" classname="spec.integration.app_spec" name="Alumna System Integration validates type" line="162" time="0.000247333"/>
  <testcase file="/home/coghi/Projects/alumna-backend/repo/spec/integration/app_spec.cr" classname="spec.integration.app_spec" name="Alumna System Integration allows optional content to be omitted" line="166" time="0.000239648"/>
  <testcase file="/home/coghi/Projects/alumna-backend/repo/spec/integration/app_spec.cr" classname="spec.integration.app_spec" name="Alumna System Integration validation runs on update but not on get" line="170" time="0.000735044"/>
  <testcase file="/home/coghi/Projects/alumna-backend/repo/spec/integration/app_spec.cr" classname="spec.integration.app_spec" name="Alumna System Integration returns validation details structure" line="176" time="0.000795169"/>
  <testcase file="/home/coghi/Projects/alumna-backend/repo/spec/integration/app_spec.cr" classname="spec.integration.app_spec" name="Alumna System Integration after-rule adds X-Request-ID header" line="182" time="0.0002359"/>
  <testcase file="/home/coghi/Projects/alumna-backend/repo/spec/adapter/memory_spec.cr" classname="spec.adapter.memory_spec" name="Alumna::MemoryAdapter #create returns the record with an auto-assigned id" line="51" time="4.939e-6"/>
  <testcase file="/home/coghi/Projects/alumna-backend/repo/spec/adapter/memory_spec.cr" classname="spec.adapter.memory_spec" name="Alumna::MemoryAdapter #create auto-increments ids across successive calls" line="59" time="5.25e-6"/>
  <testcase file="/home/coghi/Projects/alumna-backend/repo/spec/adapter/memory_spec.cr" classname="spec.adapter.memory_spec" name="Alumna::MemoryAdapter #create overrides any id supplied in the input data with its own counter" line="67" time="3.156e-6"/>
  <testcase file="/home/coghi/Projects/alumna-backend/repo/spec/adapter/memory_spec.cr" classname="spec.adapter.memory_spec" name="Alumna::MemoryAdapter #create persists the record so it can be retrieved afterwards" line="74" time="3.306e-6"/>
  <testcase file="/home/coghi/Projects/alumna-backend/repo/spec/adapter/memory_spec.cr" classname="spec.adapter.memory_spec" name="Alumna::MemoryAdapter #find returns an empty array when the store is empty" line="89" time="1.042e-6"/>
  <testcase file="/home/coghi/Projects/alumna-backend/repo/spec/adapter/memory_spec.cr" classname="spec.adapter.memory_spec" name="Alumna::MemoryAdapter #find returns all records when no params are given" line="95" time="7.986e-6"/>
  <testcase file="/home/coghi/Projects/alumna-backend/repo/spec/adapter/memory_spec.cr" classname="spec.adapter.memory_spec" name="Alumna::MemoryAdapter #find filters records by a single query param" line="103" time="7.675e-6"/>
  <testcase file="/home/coghi/Projects/alumna-backend/repo/spec/adapter/memory_spec.cr" classname="spec.adapter.memory_spec" name="Alumna::MemoryAdapter #find applies AND semantics when multiple params are given" line="113" time="8.786e-6"/>
  <testcase file="/home/coghi/Projects/alumna-backend/repo/spec/adapter/memory_spec.cr" classname="spec.adapter.memory_spec" name="Alumna::MemoryAdapter #find returns an empty array when no records match the filter" line="125" time="3.647e-6"/>
  <testcase file="/home/coghi/Projects/alumna-backend/repo/spec/adapter/memory_spec.cr" classname="spec.adapter.memory_spec" name="Alumna::MemoryAdapter #get returns the record for a known id" line="136" time="8.115e-6"/>
  <testcase file="/home/coghi/Projects/alumna-backend/repo/spec/adapter/memory_spec.cr" classname="spec.adapter.memory_spec" name="Alumna::MemoryAdapter #get returns nil for an unknown id" line="147" time="8.52e-7"/>
  <testcase file="/home/coghi/Projects/alumna-backend/repo/spec/adapter/memory_spec.cr" classname="spec.adapter.memory_spec" name="Alumna::MemoryAdapter #get returns nil when ctx.id is nil" line="153" time="6.81e-7"/>
  <testcase file="/home/coghi/Projects/alumna-backend/repo/spec/adapter/memory_spec.cr" classname="spec.adapter.memory_spec" name="Alumna::MemoryAdapter #update replaces the record entirely and returns it with the same id" line="163" time="5.18e-6"/>
  <testcase file="/home/coghi/Projects/alumna-backend/repo/spec/adapter/memory_spec.cr" classname="spec.adapter.memory_spec" name="Alumna::MemoryAdapter #update drops fields from the old record that are absent from the new data" line="172" time="4.188e-6"/>
  <testcase file="/home/coghi/Projects/alumna-backend/repo/spec/adapter/memory_spec.cr" classname="spec.adapter.memory_spec" name="Alumna::MemoryAdapter #update persists the replacement so a subsequent get reflects it" line="180" time="7.074e-6"/>
  <testcase file="/home/coghi/Projects/alumna-backend/repo/spec/adapter/memory_spec.cr" classname="spec.adapter.memory_spec" name="Alumna::MemoryAdapter #update raises a 404 error when the id does not exist" line="193" time="1.9227e-5"/>
  <testcase file="/home/coghi/Projects/alumna-backend/repo/spec/adapter/memory_spec.cr" classname="spec.adapter.memory_spec" name="Alumna::MemoryAdapter #update raises a 400 error when ctx.id is nil" line="200" time="9.979e-6"/>
  <testcase file="/home/coghi/Projects/alumna-backend/repo/spec/adapter/memory_spec.cr" classname="spec.adapter.memory_spec" name="Alumna::MemoryAdapter #patch merges the new data onto the existing record" line="211" time="6.522e-6"/>
  <testcase file="/home/coghi/Projects/alumna-backend/repo/spec/adapter/memory_spec.cr" classname="spec.adapter.memory_spec" name="Alumna::MemoryAdapter #patch persists the merge so a subsequent get reflects it" line="221" time="9.989e-6"/>
  <testcase file="/home/coghi/Projects/alumna-backend/repo/spec/adapter/memory_spec.cr" classname="spec.adapter.memory_spec" name="Alumna::MemoryAdapter #patch raises a 404 error when the id does not exist" line="235" time="1.1643e-5"/>
  <testcase file="/home/coghi/Projects/alumna-backend/repo/spec/adapter/memory_spec.cr" classname="spec.adapter.memory_spec" name="Alumna::MemoryAdapter #patch raises a 400 error when ctx.id is nil" line="242" time="8.706e-6"/>
  <testcase file="/home/coghi/Projects/alumna-backend/repo/spec/adapter/memory_spec.cr" classname="spec.adapter.memory_spec" name="Alumna::MemoryAdapter #remove deletes the record and returns true" line="253" time="4.178e-6"/>
  <testcase file="/home/coghi/Projects/alumna-backend/repo/spec/adapter/memory_spec.cr" classname="spec.adapter.memory_spec" name="Alumna::MemoryAdapter #remove makes the record unretrievable after deletion" line="260" time="5.992e-6"/>
  <testcase file="/home/coghi/Projects/alumna-backend/repo/spec/adapter/memory_spec.cr" classname="spec.adapter.memory_spec" name="Alumna::MemoryAdapter #remove returns false when the id does not exist" line="269" time="8.32e-7"/>
  <testcase file="/home/coghi/Projects/alumna-backend/repo/spec/adapter/memory_spec.cr" classname="spec.adapter.memory_spec" name="Alumna::MemoryAdapter #remove raises a 400 error when ctx.id is nil" line="275" time="8.576e-6"/>
  <testcase file="/home/coghi/Projects/alumna-backend/repo/spec/adapter/memory_spec.cr" classname="spec.adapter.memory_spec" name="Alumna::MemoryAdapter concurrency assigns unique sequential ids under concurrent creates" line="286" time="0.001138575"/>
  <testcase file="/home/coghi/Projects/alumna-backend/repo/spec/adapter/memory_spec.cr" classname="spec.adapter.memory_spec" name="Alumna::MemoryAdapter concurrency does not lose updates under concurrent patches to the same record" line="309" time="0.000398091"/>
  <testcase file="/home/coghi/Projects/alumna-backend/repo/spec/adapter/memory_spec.cr" classname="spec.adapter.memory_spec" name="Alumna::MemoryAdapter concurrency allows concurrent finds while writing" line="354" time="0.000582552"/>
  <testcase file="/home/coghi/Projects/alumna-backend/repo/spec/service/base_spec.cr" classname="spec.service.base_spec" name="Service::Base symbol-friendly registration API calls the single-value overload for before (line 15)" line="74" time="1.0961e-5"/>
  <testcase file="/home/coghi/Projects/alumna-backend/repo/spec/service/base_spec.cr" classname="spec.service.base_spec" name="Service::Base symbol-friendly registration API accepts a single Symbol and normalizes via capitalize" line="84" time="1.047e-5"/>
  <testcase file="/home/coghi/Projects/alumna-backend/repo/spec/service/base_spec.cr" classname="spec.service.base_spec" name="Service::Base symbol-friendly registration API accepts a single Symbol for after (line 19)" line="94" time="3.787e-6"/>
  <testcase file="/home/coghi/Projects/alumna-backend/repo/spec/service/base_spec.cr" classname="spec.service.base_spec" name="Service::Base symbol-friendly registration API accepts an array of Symbols" line="103" time="2.5409e-5"/>
  <testcase file="/home/coghi/Projects/alumna-backend/repo/spec/service/base_spec.cr" classname="spec.service.base_spec" name="Service::Base error boundary in call_method wraps a raised Exception with message into 500 (line 96)" line="117" time="1.2514e-5"/>
  <testcase file="/home/coghi/Projects/alumna-backend/repo/spec/service/base_spec.cr" classname="spec.service.base_spec" name="Service::Base error boundary in call_method uses &#39;Unexpected error&#39; when Exception.message is nil" line="131" time="6.783e-6"/>
  <testcase file="/home/coghi/Projects/alumna-backend/repo/spec/service/dispatch_spec.cr" classname="spec.service.dispatch_spec" name="Service#dispatch execution order runs before rules, then the service method, then after rules" line="85" time="6.342e-6"/>
  <testcase file="/home/coghi/Projects/alumna-backend/repo/spec/service/dispatch_spec.cr" classname="spec.service.dispatch_spec" name="Service#dispatch execution order sets ctx.phase to After before calling the service method" line="103" time="2.705e-6"/>
  <testcase file="/home/coghi/Projects/alumna-backend/repo/spec/service/dispatch_spec.cr" classname="spec.service.dispatch_spec" name="Service#dispatch execution order populates ctx.result before after rules run" line="118" time="3.206e-6"/>
  <testcase file="/home/coghi/Projects/alumna-backend/repo/spec/service/dispatch_spec.cr" classname="spec.service.dispatch_spec" name="Service#dispatch only: scoping runs a method-scoped rule only for its registered method" line="138" time="1.2393e-5"/>
  <testcase file="/home/coghi/Projects/alumna-backend/repo/spec/service/dispatch_spec.cr" classname="spec.service.dispatch_spec" name="Service#dispatch only: scoping does not run a method-scoped rule for any other method" line="158" time="3.757e-6"/>
  <testcase file="/home/coghi/Projects/alumna-backend/repo/spec/service/dispatch_spec.cr" classname="spec.service.dispatch_spec" name="Service#dispatch global vs method-specific rule ordering runs global before rules ahead of method-specific before rules" line="177" time="7.364e-6"/>
  <testcase file="/home/coghi/Projects/alumna-backend/repo/spec/service/dispatch_spec.cr" classname="spec.service.dispatch_spec" name="Service#dispatch global vs method-specific rule ordering runs global after rules ahead of method-specific after rules" line="193" time="3.597e-6"/>
  <testcase file="/home/coghi/Projects/alumna-backend/repo/spec/service/dispatch_spec.cr" classname="spec.service.dispatch_spec" name="Service#dispatch when a before rule stops does not call the service method" line="213" time="2.955e-6"/>
  <testcase file="/home/coghi/Projects/alumna-backend/repo/spec/service/dispatch_spec.cr" classname="spec.service.dispatch_spec" name="Service#dispatch when a before rule stops does not run after rules" line="223" time="2.485e-6"/>
  <testcase file="/home/coghi/Projects/alumna-backend/repo/spec/service/dispatch_spec.cr" classname="spec.service.dispatch_spec" name="Service#dispatch when a before rule stops sets ctx.error to the error from the stopping rule" line="236" time="3.066e-6"/>
  <testcase file="/home/coghi/Projects/alumna-backend/repo/spec/service/dispatch_spec.cr" classname="spec.service.dispatch_spec" name="Service#dispatch when a before rule sets ctx.result (early exit) does not call the service method" line="255" time="2.434e-6"/>
  <testcase file="/home/coghi/Projects/alumna-backend/repo/spec/service/dispatch_spec.cr" classname="spec.service.dispatch_spec" name="Service#dispatch when a before rule sets ctx.result (early exit) does not run after rules" line="265" time="2.645e-6"/>
  <testcase file="/home/coghi/Projects/alumna-backend/repo/spec/service/dispatch_spec.cr" classname="spec.service.dispatch_spec" name="Service#dispatch when a before rule sets ctx.result (early exit) preserves the result set by the before rule" line="278" time="2.735e-6"/>
  <testcase file="/home/coghi/Projects/alumna-backend/repo/spec/service/dispatch_spec.cr" classname="spec.service.dispatch_spec" name="Service#dispatch when the service method raises a ServiceError sets ctx.error with the correct status" line="293" time="1.3176e-5"/>
  <testcase file="/home/coghi/Projects/alumna-backend/repo/spec/service/dispatch_spec.cr" classname="spec.service.dispatch_spec" name="Service#dispatch when the service method raises a ServiceError sets ctx.phase to Error" line="307" time="9.568e-6"/>
  <testcase file="/home/coghi/Projects/alumna-backend/repo/spec/service/dispatch_spec.cr" classname="spec.service.dispatch_spec" name="Service#dispatch when the service method raises a ServiceError does not run after rules" line="315" time="1.1982e-5"/>
  <testcase file="/home/coghi/Projects/alumna-backend/repo/spec/service/error_spec.cr" classname="spec.service.error_spec" name="Alumna::ServiceError initialization stores message, status, and details" line="5" time="2.625e-6"/>
  <testcase file="/home/coghi/Projects/alumna-backend/repo/spec/service/error_spec.cr" classname="spec.service.error_spec" name="Alumna::ServiceError initialization defaults status to 400 and details to empty hash" line="12" time="3.71e-7"/>
  <testcase file="/home/coghi/Projects/alumna-backend/repo/spec/service/error_spec.cr" classname="spec.service.error_spec" name="Alumna::ServiceError initialization is an Exception" line="18" time="2.4e-7"/>
  <testcase file="/home/coghi/Projects/alumna-backend/repo/spec/service/error_spec.cr" classname="spec.service.error_spec" name="Alumna::ServiceError initialization can be raised and rescued" line="23" time="6.172e-6"/>
  <testcase file="/home/coghi/Projects/alumna-backend/repo/spec/service/error_spec.cr" classname="spec.service.error_spec" name="Alumna::ServiceError .bad_request returns 400 with custom message" line="36" time="4.41e-7"/>
  <testcase file="/home/coghi/Projects/alumna-backend/repo/spec/service/error_spec.cr" classname="spec.service.error_spec" name="Alumna::ServiceError .bad_request accepts details hash" line="42" time="8.82e-7"/>
  <testcase file="/home/coghi/Projects/alumna-backend/repo/spec/service/error_spec.cr" classname="spec.service.error_spec" name="Alumna::ServiceError .unauthorized defaults message to Unauthorized and status 401" line="49" time="7.52e-7"/>
  <testcase file="/home/coghi/Projects/alumna-backend/repo/spec/service/error_spec.cr" classname="spec.service.error_spec" name="Alumna::ServiceError .unauthorized allows custom message" line="55" time="3.0e-7"/>
  <testcase file="/home/coghi/Projects/alumna-backend/repo/spec/service/error_spec.cr" classname="spec.service.error_spec" name="Alumna::ServiceError .forbidden defaults to Forbidden 403" line="63" time="4.01e-7"/>
  <testcase file="/home/coghi/Projects/alumna-backend/repo/spec/service/error_spec.cr" classname="spec.service.error_spec" name="Alumna::ServiceError .forbidden allows custom message" line="69" time="3.11e-7"/>
  <testcase file="/home/coghi/Projects/alumna-backend/repo/spec/service/error_spec.cr" classname="spec.service.error_spec" name="Alumna::ServiceError .not_found defaults to Not found 404" line="76" time="3.71e-7"/>
  <testcase file="/home/coghi/Projects/alumna-backend/repo/spec/service/error_spec.cr" classname="spec.service.error_spec" name="Alumna::ServiceError .not_found allows custom message" line="82" time="3.4e-7"/>
  <testcase file="/home/coghi/Projects/alumna-backend/repo/spec/service/error_spec.cr" classname="spec.service.error_spec" name="Alumna::ServiceError .unprocessable returns 422 with message and details" line="90" time="1.363e-6"/>
  <testcase file="/home/coghi/Projects/alumna-backend/repo/spec/service/error_spec.cr" classname="spec.service.error_spec" name="Alumna::ServiceError .unprocessable defaults details to empty hash" line="98" time="3.0e-7"/>
  <testcase file="/home/coghi/Projects/alumna-backend/repo/spec/service/error_spec.cr" classname="spec.service.error_spec" name="Alumna::ServiceError .internal defaults to Internal server error 500" line="105" time="3.5e-7"/>
  <testcase file="/home/coghi/Projects/alumna-backend/repo/spec/service/error_spec.cr" classname="spec.service.error_spec" name="Alumna::ServiceError .internal allows custom message" line="111" time="3.01e-7"/>
</testsuite>